2025-06-25 02:22:50,956 [Worker-5: Loading available Gradle versions] INFO  o.e.b.c.i.u.g.PublishedGradleVersions - Gradle version information cache is not available. Remote download required.
2025-06-25 02:24:10,639 [Worker-9: Building] INFO  o.e.m.c.i.l.LifecycleMappingFactory - Using org.maven.ide.eclipse.wtp.WarLifecycleMapping lifecycle mapping for MavenProject: com.example:01_Reports_App:0.0.1-SNAPSHOT @ C:\Users\adars\Documents\workspace-spring-tools-for-eclipse-4.30.0.RELEASE\01_Reports_App\pom.xml.
2025-06-25 02:24:13,162 [Worker-9: Building] INFO  o.a.m.s.f.DefaultMavenResourcesFiltering - Copying 1 resource from src\main\resources to target\classes
2025-06-25 02:24:13,174 [Worker-9: Building] INFO  o.a.m.s.f.DefaultMavenResourcesFiltering - Copying 0 resource from src\main\resources to target\classes
2025-06-25 02:24:13,179 [Worker-9: Building] INFO  o.a.m.s.f.DefaultMavenResourcesFiltering - skip non existing resourceDirectory C:\Users\adars\Documents\workspace-spring-tools-for-eclipse-4.30.0.RELEASE\01_Reports_App\src\test\resources
2025-06-25 02:24:13,819 [Worker-9: Building] INFO  o.a.m.s.f.DefaultMavenResourcesFiltering - Copying 1 resource from src\main\resources to target\classes
2025-06-25 02:24:13,821 [Worker-9: Building] INFO  o.a.m.s.f.DefaultMavenResourcesFiltering - Copying 0 resource from src\main\resources to target\classes
2025-06-25 02:24:13,825 [Worker-9: Building] INFO  o.a.m.s.f.DefaultMavenResourcesFiltering - skip non existing resourceDirectory C:\Users\adars\Documents\workspace-spring-tools-for-eclipse-4.30.0.RELEASE\01_Reports_App\src\test\resources
2025-06-25 02:24:14,906 [Worker-9: Building] INFO  o.e.m.c.i.l.LifecycleMappingFactory - Using org.maven.ide.eclipse.wtp.WarLifecycleMapping lifecycle mapping for MavenProject: com.example:MIni_Project_2:0.0.1-SNAPSHOT @ C:\Users\adars\Documents\workspace-spring-tools-for-eclipse-4.30.0.RELEASE\MIni_Project_2\pom.xml.
2025-06-25 02:24:16,412 [Worker-9: Building] INFO  o.a.m.s.f.DefaultMavenResourcesFiltering - Copying 1 resource from src\main\resources to target\classes
2025-06-25 02:24:16,435 [Worker-9: Building] INFO  o.a.m.s.f.DefaultMavenResourcesFiltering - Copying 15 resources from src\main\resources to target\classes
2025-06-25 02:24:16,476 [Worker-9: Building] INFO  o.a.m.s.f.DefaultMavenResourcesFiltering - skip non existing resourceDirectory C:\Users\adars\Documents\workspace-spring-tools-for-eclipse-4.30.0.RELEASE\MIni_Project_2\src\test\resources
2025-06-25 02:24:17,365 [Worker-3: Building] INFO  o.a.m.s.f.DefaultMavenResourcesFiltering - Copying 1 resource from src\main\resources to target\classes
2025-06-25 02:24:17,369 [Worker-3: Building] INFO  o.a.m.s.f.DefaultMavenResourcesFiltering - Copying 15 resources from src\main\resources to target\classes
2025-06-25 02:24:17,393 [Worker-3: Building] INFO  o.a.m.s.f.DefaultMavenResourcesFiltering - skip non existing resourceDirectory C:\Users\adars\Documents\workspace-spring-tools-for-eclipse-4.30.0.RELEASE\MIni_Project_2\src\test\resources
2025-06-25 02:24:18,164 [Worker-3: Building] INFO  o.e.m.c.i.l.LifecycleMappingFactory - Using org.maven.ide.eclipse.wtp.WarLifecycleMapping lifecycle mapping for MavenProject: com.example:Reports_App-2:0.0.1-SNAPSHOT @ C:\Users\adars\Documents\workspace-spring-tools-for-eclipse-4.30.0.RELEASE\Reports_App-2\pom.xml.
2025-06-25 02:24:19,172 [Worker-3: Building] INFO  o.a.m.s.f.DefaultMavenResourcesFiltering - Copying 1 resource from src\main\resources to target\classes
2025-06-25 02:24:19,193 [Worker-3: Building] INFO  o.a.m.s.f.DefaultMavenResourcesFiltering - Copying 0 resource from src\main\resources to target\classes
2025-06-25 02:24:19,200 [Worker-3: Building] INFO  o.a.m.s.f.DefaultMavenResourcesFiltering - skip non existing resourceDirectory C:\Users\adars\Documents\workspace-spring-tools-for-eclipse-4.30.0.RELEASE\Reports_App-2\src\test\resources
2025-06-25 02:24:20,597 [Worker-3: Building] INFO  o.a.m.s.f.DefaultMavenResourcesFiltering - Copying 1 resource from src\main\resources to target\classes
2025-06-25 02:24:20,599 [Worker-3: Building] INFO  o.a.m.s.f.DefaultMavenResourcesFiltering - Copying 0 resource from src\main\resources to target\classes
2025-06-25 02:24:20,602 [Worker-3: Building] INFO  o.a.m.s.f.DefaultMavenResourcesFiltering - skip non existing resourceDirectory C:\Users\adars\Documents\workspace-spring-tools-for-eclipse-4.30.0.RELEASE\Reports_App-2\src\test\resources
2025-06-25 02:26:01,462 [Worker-2: Loading available Gradle versions] INFO  o.e.b.c.i.u.g.PublishedGradleVersions - Gradle version information cache is up-to-date. Trying to read.
